<?xml version="1.0" encoding="UTF-8"?>
<!-- Generated by org.testng.reporters.JUnitReportReporter -->
<testsuite hostname="AANSHISHAH" failures="0" tests="1" name="example.NewTest" time="37.270" errors="0" timestamp="02 Dec 2019 02:38:36 GMT" skipped="0">
  <testcase classname="example.NewTest" name="testEasy" time="37.270"/>
</testsuite> <!-- example.NewTest -->
